<?xml version="1.0" encoding="UTF-8"?>
<!-- Generated by org.testng.reporters.JUnitXMLReporter -->
<testsuite ignored="0" hostname="LAPTOP-DDLK6946" failures="0" tests="5" name="Default test" time="12.713" errors="0" timestamp="2024-08-09T12:57:35 IST">
  <testcase classname="Practice.Testautomation.Loginpage" name="verifyurl" time="0.518"/>
  <testcase classname="Practice.Testautomation.Loginpage" name="validlogin" time="1.067"/>
  <testcase classname="Practice.Testautomation.Loginpage" name="invalidusername" time="0.807"/>
  <testcase classname="Practice.Testautomation.Loginpage" name="invalidpassword" time="0.781"/>
  <testcase classname="Practice.Testautomation.Loginpage" name="invalidusernameandpassword" time="0.847"/>
</testsuite> <!-- Default test -->
